<?xml version="1.0" encoding="UTF-8"?>
<testsuite xmlns:xsi="http://www.w3.org/2001/XMLSchema-instance" xsi:noNamespaceSchemaLocation="https://maven.apache.org/surefire/maven-surefire-plugin/xsd/surefire-test-report-3.0.xsd" version="3.0" name="oep_maven_project.oep_project.AppTest" time="0.044" tests="1" errors="0" skipped="0" failures="0">
  <properties>
[...]
</properties>
  <testcase name="testApp" classname="oep_maven_project.oep_project.AppTest" time="0.018">
    <system-out><![CDATA[No features found at [classpath:oep_maven_project/oep_project]
No features found at [classpath:oep_maven_project/oep_project]
]]></system-out>
  </testcase>
</testsuite>